0 info it worked if it ends with ok
1 verbose cli [ 'node',
1 verbose cli   '/usr/local/bin/npm',
1 verbose cli   'install',
1 verbose cli   'mongodb',
1 verbose cli   'mongodb-server' ]
2 info using npm@3.5.3
3 info using node@v0.12.5
4 silly loadCurrentTree Starting
5 silly install loadCurrentTree
6 silly install readLocalPackageData
7 silly fetchPackageMetaData mongodb
8 silly fetchPackageMetaData mongodb-server
9 silly fetchNamedPackageData mongodb
10 silly mapToRegistry name mongodb
11 silly mapToRegistry using default registry
12 silly mapToRegistry registry https://registry.npmjs.org/
13 silly mapToRegistry uri https://registry.npmjs.org/mongodb
14 silly fetchNamedPackageData mongodb-server
15 silly mapToRegistry name mongodb-server
16 silly mapToRegistry using default registry
17 silly mapToRegistry registry https://registry.npmjs.org/
18 silly mapToRegistry uri https://registry.npmjs.org/mongodb-server
19 verbose request uri https://registry.npmjs.org/mongodb-server
20 verbose request no auth needed
21 info attempt registry request try #1 at 8:20:41 PM
22 verbose request id 8d9ad770bbebd112
23 http request GET https://registry.npmjs.org/mongodb-server
24 verbose request uri https://registry.npmjs.org/mongodb
25 verbose request no auth needed
26 info attempt registry request try #1 at 8:20:41 PM
27 verbose etag "7RDAC3MPQM0R0GL3I17Y25O5N"
28 http request GET https://registry.npmjs.org/mongodb
29 http 304 https://registry.npmjs.org/mongodb
30 verbose headers { date: 'Thu, 14 Jan 2016 22:17:27 GMT',
30 verbose headers   via: '1.1 varnish',
30 verbose headers   'cache-control': 'max-age=300',
30 verbose headers   etag: '"7RDAC3MPQM0R0GL3I17Y25O5N"',
30 verbose headers   age: '48',
30 verbose headers   connection: 'keep-alive',
30 verbose headers   'x-served-by': 'cache-jfk1036-JFK',
30 verbose headers   'x-cache': 'HIT',
30 verbose headers   'x-cache-hits': '1',
30 verbose headers   'x-timer': 'S1452809847.223156,VS0,VE1',
30 verbose headers   vary: 'Accept' }
31 silly get cb [ 304,
31 silly get   { date: 'Thu, 14 Jan 2016 22:17:27 GMT',
31 silly get     via: '1.1 varnish',
31 silly get     'cache-control': 'max-age=300',
31 silly get     etag: '"7RDAC3MPQM0R0GL3I17Y25O5N"',
31 silly get     age: '48',
31 silly get     connection: 'keep-alive',
31 silly get     'x-served-by': 'cache-jfk1036-JFK',
31 silly get     'x-cache': 'HIT',
31 silly get     'x-cache-hits': '1',
31 silly get     'x-timer': 'S1452809847.223156,VS0,VE1',
31 silly get     vary: 'Accept' } ]
32 verbose etag https://registry.npmjs.org/mongodb from cache
33 verbose get saving mongodb to /Users/flavia/.npm/registry.npmjs.org/mongodb/.cache.json
34 http 404 https://registry.npmjs.org/mongodb-server
35 verbose headers { 'content-type': 'application/json',
35 verbose headers   'cache-control': 'max-age=0',
35 verbose headers   'content-length': '2',
35 verbose headers   'accept-ranges': 'bytes',
35 verbose headers   date: 'Thu, 14 Jan 2016 22:17:28 GMT',
35 verbose headers   via: '1.1 varnish',
35 verbose headers   age: '0',
35 verbose headers   connection: 'keep-alive',
35 verbose headers   'x-served-by': 'cache-jfk1036-JFK',
35 verbose headers   'x-cache': 'MISS',
35 verbose headers   'x-cache-hits': '0',
35 verbose headers   'x-timer': 'S1452809848.094122,VS0,VE82' }
36 silly get cb [ 404,
36 silly get   { 'content-type': 'application/json',
36 silly get     'cache-control': 'max-age=0',
36 silly get     'content-length': '2',
36 silly get     'accept-ranges': 'bytes',
36 silly get     date: 'Thu, 14 Jan 2016 22:17:28 GMT',
36 silly get     via: '1.1 varnish',
36 silly get     age: '0',
36 silly get     connection: 'keep-alive',
36 silly get     'x-served-by': 'cache-jfk1036-JFK',
36 silly get     'x-cache': 'MISS',
36 silly get     'x-cache-hits': '0',
36 silly get     'x-timer': 'S1452809848.094122,VS0,VE82' } ]
37 silly fetchPackageMetaData Error: Registry returned 404 for GET on https://registry.npmjs.org/mongodb-server
37 silly fetchPackageMetaData     at makeError (/usr/local/lib/node_modules/npm/node_modules/npm-registry-client/lib/request.js:264:12)
37 silly fetchPackageMetaData     at CachingRegistryClient.<anonymous> (/usr/local/lib/node_modules/npm/node_modules/npm-registry-client/lib/request.js:242:14)
37 silly fetchPackageMetaData     at Request._callback (/usr/local/lib/node_modules/npm/node_modules/npm-registry-client/lib/request.js:172:14)
37 silly fetchPackageMetaData     at Request.self.callback (/usr/local/lib/node_modules/npm/node_modules/request/request.js:198:22)
37 silly fetchPackageMetaData     at Request.emit (events.js:110:17)
37 silly fetchPackageMetaData     at Request.<anonymous> (/usr/local/lib/node_modules/npm/node_modules/request/request.js:1035:10)
37 silly fetchPackageMetaData     at Request.emit (events.js:129:20)
37 silly fetchPackageMetaData     at IncomingMessage.<anonymous> (/usr/local/lib/node_modules/npm/node_modules/request/request.js:962:12)
37 silly fetchPackageMetaData     at IncomingMessage.emit (events.js:129:20)
37 silly fetchPackageMetaData     at _stream_readable.js:908:16
37 silly fetchPackageMetaData  error for mongodb-server { [Error: Registry returned 404 for GET on https://registry.npmjs.org/mongodb-server] pkgid: 'mongodb-server', statusCode: 404, code: 'E404' }
38 silly rollbackFailedOptional Starting
39 silly rollbackFailedOptional Finishing
40 silly runTopLevelLifecycles Starting
41 silly runTopLevelLifecycles Finishing
42 silly install printInstalled
43 verbose stack Error: Registry returned 404 for GET on https://registry.npmjs.org/mongodb-server
43 verbose stack     at makeError (/usr/local/lib/node_modules/npm/node_modules/npm-registry-client/lib/request.js:264:12)
43 verbose stack     at CachingRegistryClient.<anonymous> (/usr/local/lib/node_modules/npm/node_modules/npm-registry-client/lib/request.js:242:14)
43 verbose stack     at Request._callback (/usr/local/lib/node_modules/npm/node_modules/npm-registry-client/lib/request.js:172:14)
43 verbose stack     at Request.self.callback (/usr/local/lib/node_modules/npm/node_modules/request/request.js:198:22)
43 verbose stack     at Request.emit (events.js:110:17)
43 verbose stack     at Request.<anonymous> (/usr/local/lib/node_modules/npm/node_modules/request/request.js:1035:10)
43 verbose stack     at Request.emit (events.js:129:20)
43 verbose stack     at IncomingMessage.<anonymous> (/usr/local/lib/node_modules/npm/node_modules/request/request.js:962:12)
43 verbose stack     at IncomingMessage.emit (events.js:129:20)
43 verbose stack     at _stream_readable.js:908:16
44 verbose statusCode 404
45 verbose pkgid mongodb-server
46 verbose cwd /Users/flavia/Desktop/aulas-node/aula 13
47 error Darwin 15.2.0
48 error argv "node" "/usr/local/bin/npm" "install" "mongodb" "mongodb-server"
49 error node v0.12.5
50 error npm  v3.5.3
51 error code E404
52 error 404 Registry returned 404 for GET on https://registry.npmjs.org/mongodb-server
53 error 404
54 error 404 'mongodb-server' is not in the npm registry.
55 error 404 You should bug the author to publish it (or use the name yourself!)
56 error 404 Note that you can also install from a
57 error 404 tarball, folder, http url, or git url.
58 verbose exit [ 1, true ]
